ERROR: SQLSTATE[HY000] [1045] Access denied for user 'root'@'localhost' (using password: NO) - /generator/ at Monday 2nd of May, 2022, 11:52:10 AM
ERROR: SQLSTATE[HY000] [1044] Access denied for user 'wwwroblt_robltoxuser'@'localhost' to database 'wwwroblt_robltox' - /generator/ at Thursday 26th of May, 2022, 07:02:28 AM
ERROR: SQLSTATE[HY000] [1045] Access denied for user 'wwwroblt_robltoxuser'@'localhost' (using password: YES) - /generator/ at Thursday 26th of May, 2022, 07:21:48 AM
ERROR: SQLSTATE[HY000] [1045] Access denied for user 'wwwroblt_robltoxuser'@'localhost' (using password: YES) - /generator/ at Thursday 26th of May, 2022, 08:08:18 AM
ERROR: SQLSTATE[HY000] [1045] Access denied for user 'wwwroblt_robltoxuser'@'localhost' (using password: YES) - /generator/ at Thursday 26th of May, 2022, 08:08:21 AM
ERROR: SQLSTATE[HY000] [1045] Access denied for user 'wwwroblt_robltoxuser'@'localhost' (using password: YES) - /generator/ at Thursday 26th of May, 2022, 08:19:05 AM
ERROR: SQLSTATE[HY000] [1045] Access denied for user 'wwwroblt_robltoxuser'@'localhost' (using password: YES) - /generator/ at Thursday 26th of May, 2022, 10:58:15 AM
ERROR: SQLSTATE[HY000] [1045] Access denied for user 'wwwroblt_robltoxuser'@'localhost' (using password: YES) - /generator/ at Thursday 26th of May, 2022, 12:18:17 PM
ERROR: SQLSTATE[HY000] [1045] Access denied for user 'wwwroblt_robltoxuser'@'localhost' (using password: YES) - /generator/ at Thursday 26th of May, 2022, 12:24:04 PM
ERROR: SQLSTATE[HY000] [1045] Access denied for user 'wwwroblt_robltoxuser'@'localhost' (using password: YES) - /generator/ at Thursday 26th of May, 2022, 12:34:38 PM
ERROR: SQLSTATE[HY000] [1045] Access denied for user 'wwwroblt_robltoxuser'@'localhost' (using password: YES) - /generator/ at Thursday 26th of May, 2022, 01:36:06 PM
ERROR: SQLSTATE[HY000] [1044] Access denied for user 'wwwroblt_wwwroblt_robltoxuser'@'localhost' to database 'wwwroblt_robltox' - /generator/ at Thursday 26th of May, 2022, 02:21:54 PM
ERROR: SQLSTATE[HY000] [1044] Access denied for user 'wwwroblt_wwwroblt_robltoxuser'@'localhost' to database 'wwwroblt_robltox' - /generator/index.php at Thursday 26th of May, 2022, 02:25:07 PM
ERROR: SQLSTATE[HY000] [1045] Access denied for user 'wwwroblt_wwwroblt_robltoxuser'@'localhost' (using password: YES) - /generator/ at Friday 3rd of June, 2022, 09:43:11 AM
ERROR: SQLSTATE[HY000] [1045] Access denied for user 'myautoco_robloxv'@'localhost' (using password: YES) - /generator/ at Sunday 5th of June, 2022, 10:27:41 AM
ERROR: SQLSTATE[HY000] [1045] Access denied for user 'myautoco_robloxv'@'localhost' (using password: YES) - /generator/ at Sunday 5th of June, 2022, 10:27:41 AM
ERROR: SQLSTATE[HY000] [2002] No connection could be made because the target machine actively refused it - /generator at Sunday 12th of June, 2022, 06:47:42 AM
ERROR: SQLSTATE[HY000] [1045] Access denied for user 'bestrila_scripthub1'@'localhost' (using password: YES) - /generator at Sunday 12th of June, 2022, 06:48:50 AM
ERROR: SQLSTATE[HY000] [2002] No connection could be made because the target machine actively refused it - /generator at Sunday 12th of June, 2022, 06:51:38 AM
ERROR: SQLSTATE[HY000] [2002] No connection could be made because the target machine actively refused it - /generator at Sunday 12th of June, 2022, 06:52:34 AM
ERROR: SQLSTATE[HY000] [2002] No connection could be made because the target machine actively refused it - /generator at Sunday 12th of June, 2022, 06:52:39 AM
ERROR: SQLSTATE[HY000] [2002] No connection could be made because the target machine actively refused it - /generator at Sunday 12th of June, 2022, 06:53:09 AM
ERROR: SQLSTATE[HY000] [1045] Access denied for user 'localhost:1000'@'localhost' (using password: NO) - /generator at Sunday 12th of June, 2022, 07:18:14 AM
ERROR: SQLSTATE[HY000] [1045] Access denied for user 'localhost:1000'@'localhost' (using password: YES) - /generator at Sunday 12th of June, 2022, 07:55:50 PM
ERROR: SQLSTATE[HY000] [1045] Access denied for user 'localhost'@'localhost' (using password: YES) - /generator at Sunday 12th of June, 2022, 07:57:39 PM
ERROR: SQLSTATE[HY000] [1045] Access denied for user 'localhost'@'localhost' (using password: YES) - /generator at Sunday 12th of June, 2022, 07:57:39 PM
ERROR: SQLSTATE[HY000] [1045] Access denied for user 'localhost'@'localhost' (using password: YES) - /generator at Sunday 12th of June, 2022, 07:59:19 PM
ERROR: SQLSTATE[HY000] [1045] Access denied for user 'thisismine'@'localhost' (using password: NO) - /generator at Sunday 12th of June, 2022, 08:05:45 PM
ERROR: SQLSTATE[HY000] [1045] Access denied for user ''@'localhost' (using password: NO) - /generator at Sunday 12th of June, 2022, 08:06:30 PM
ERROR: SQLSTATE[HY000] [1045] Access denied for user ''@'localhost' (using password: NO) - /generator at Sunday 12th of June, 2022, 08:06:31 PM
ERROR: SQLSTATE[HY000] [1045] Access denied for user ''@'localhost' (using password: NO) - /generator at Sunday 12th of June, 2022, 08:06:31 PM
ERROR: SQLSTATE[HY000] [1045] Access denied for user ''@'localhost' (using password: NO) - /generator at Sunday 12th of June, 2022, 08:06:31 PM
ERROR: SQLSTATE[HY000] [1045] Access denied for user ''@'localhost' (using password: NO) - /generator at Sunday 12th of June, 2022, 08:06:32 PM
ERROR: SQLSTATE[HY000] [1045] Access denied for user 'thisismine'@'localhost' (using password: NO) - /generator at Sunday 12th of June, 2022, 08:13:50 PM
ERROR: SQLSTATE[HY000] [1045] Access denied for user 'thisismine'@'localhost' (using password: YES) - /generator at Sunday 12th of June, 2022, 08:14:25 PM
ERROR: SQLSTATE[HY000] [1045] Access denied for user 'thisismine'@'localhost' (using password: YES) - /generator at Sunday 12th of June, 2022, 08:14:26 PM
ERROR: SQLSTATE[HY000] [1045] Access denied for user ''@'localhost' (using password: NO) - /generator at Sunday 12th of June, 2022, 08:14:45 PM
ERROR: SQLSTATE[HY000] [1045] Access denied for user ''@'localhost' (using password: NO) - /generator at Sunday 12th of June, 2022, 08:14:46 PM
ERROR: SQLSTATE[HY000] [1045] Access denied for user ''@'localhost' (using password: NO) - /generator at Sunday 12th of June, 2022, 08:14:46 PM
ERROR: SQLSTATE[HY000] [1045] Access denied for user ''@'localhost' (using password: NO) - /generator at Sunday 12th of June, 2022, 08:14:46 PM
ERROR: SQLSTATE[HY000] [1045] Access denied for user ''@'localhost' (using password: NO) - /generator at Sunday 12th of June, 2022, 08:15:02 PM
ERROR: SQLSTATE[HY000] [2002] No connection could be made because the target machine actively refused it - /generator at Sunday 12th of June, 2022, 11:31:11 PM
